<html>
<head>
<title>TestNG:  CategoriaWebDriverTest</title>
<link href="../testng.css" rel="stylesheet" type="text/css" />
<link href="../my-testng.css" rel="stylesheet" type="text/css" />

<style type="text/css">
.log { display: none;} 
.stack-trace { display: none;} 
</style>
<script type="text/javascript">
<!--
function flip(e) {
  current = e.style.display;
  if (current == 'block') {
    e.style.display = 'none';
    return 0;
  }
  else {
    e.style.display = 'block';
    return 1;
  }
}

function toggleBox(szDivId, elem, msg1, msg2)
{
  var res = -1;  if (document.getElementById) {
    res = flip(document.getElementById(szDivId));
  }
  else if (document.all) {
    // this is the way old msie versions work
    res = flip(document.all[szDivId]);
  }
  if(elem) {
    if(res == 0) elem.innerHTML = msg1; else elem.innerHTML = msg2;
  }

}

function toggleAllBoxes() {
  if (document.getElementsByTagName) {
    d = document.getElementsByTagName('div');
    for (i = 0; i < d.length; i++) {
      if (d[i].className == 'log') {
        flip(d[i]);
      }
    }
  }
}

// -->
</script>

</head>
<body>
<h2 align='center'>CategoriaWebDriverTest</h2><table border='1' align="center">
<tr>
<td>Tests passed/Failed/Skipped:</td><td>5/1/0</td>
</tr><tr>
<td>Started on:</td><td>Sun Oct 28 08:48:51 COT 2018</td>
</tr>
<tr><td>Total time:</td><td>110 seconds (110813 ms)</td>
</tr><tr>
<td>Included groups:</td><td></td>
</tr><tr>
<td>Excluded groups:</td><td></td>
</tr>
</table><p/>
<small><i>(Hover the method name to see the test class name)</i></small><p/>
<table width='100%' border='1' class='invocation-failed'>
<tr><td colspan='4' align='center'><b>FAILED TESTS</b></td></tr>
<tr><td><b>Test method</b></td>
<td width="30%"><b>Exception</b></td>
<td width="10%"><b>Time (seconds)</b></td>
<td><b>Instance</b></td>
</tr>
<tr>
<td title='pe.com.test.seleniumwd.CategoriaWebDriverTest.insertarCategoria()'><b>insertarCategoria</b><br>Test class: pe.com.test.seleniumwd.CategoriaWebDriverTest<br>Parameters: admin, clave, Lacteos, Mensaje incorrecto</td>
<td><div><pre>java.lang.AssertionError: null
	at pe.com.test.seleniumwd.CategoriaWebDriverTest.insertarCategoria(CategoriaWebDriverTest.java:65)
... Removed 29 stack frames</pre></div><a href='#' onClick='toggleBox("stack-trace8804607", this, "Click to show all stack frames", "Click to hide stack frames")'>Click to show all stack frames</a>
<div class='stack-trace' id='stack-trace8804607'><pre>java.lang.AssertionError: null
	at org.testng.Assert.fail(Assert.java:94)
	at org.testng.Assert.fail(Assert.java:101)
	at pe.com.test.seleniumwd.CategoriaWebDriverTest.insertarCategoria(CategoriaWebDriverTest.java:65)
	at sun.reflect.NativeMethodAccessorImpl.invoke0(Native Method)
	at sun.reflect.NativeMethodAccessorImpl.invoke(NativeMethodAccessorImpl.java:62)
	at sun.reflect.DelegatingMethodAccessorImpl.invoke(DelegatingMethodAccessorImpl.java:43)
	at java.lang.reflect.Method.invoke(Method.java:498)
	at org.testng.internal.MethodInvocationHelper.invokeMethod(MethodInvocationHelper.java:86)
	at org.testng.internal.Invoker.invokeMethod(Invoker.java:643)
	at org.testng.internal.Invoker.invokeTestMethod(Invoker.java:820)
	at org.testng.internal.Invoker.invokeTestMethods(Invoker.java:1128)
	at org.testng.internal.TestMethodWorker.invokeTestMethods(TestMethodWorker.java:129)
	at org.testng.internal.TestMethodWorker.run(TestMethodWorker.java:112)
	at org.testng.TestRunner.privateRun(TestRunner.java:782)
	at org.testng.TestRunner.run(TestRunner.java:632)
	at org.testng.SuiteRunner.runTest(SuiteRunner.java:366)
	at org.testng.SuiteRunner.runSequentially(SuiteRunner.java:361)
	at org.testng.SuiteRunner.privateRun(SuiteRunner.java:319)
	at org.testng.SuiteRunner.run(SuiteRunner.java:268)
	at org.testng.SuiteRunnerWorker.runSuite(SuiteRunnerWorker.java:52)
	at org.testng.SuiteRunnerWorker.run(SuiteRunnerWorker.java:86)
	at org.testng.TestNG.runSuitesSequentially(TestNG.java:1244)
	at org.testng.TestNG.runSuitesLocally(TestNG.java:1169)
	at org.testng.TestNG.run(TestNG.java:1064)
	at org.apache.maven.surefire.testng.TestNGExecutor.run(TestNGExecutor.java:281)
	at org.apache.maven.surefire.testng.TestNGXmlTestSuite.execute(TestNGXmlTestSuite.java:75)
	at org.apache.maven.surefire.testng.TestNGProvider.invoke(TestNGProvider.java:121)
	at org.apache.maven.surefire.booter.ForkedBooter.invokeProviderInSameClassLoader(ForkedBooter.java:290)
	at org.apache.maven.surefire.booter.ForkedBooter.runSuitesInProcess(ForkedBooter.java:242)
	at org.apache.maven.surefire.booter.ForkedBooter.main(ForkedBooter.java:121)
</pre></div></td>
<td>18</td>
<td>pe.com.test.seleniumwd.CategoriaWebDriverTest@1550481</td></tr>
</table><p>
<table width='100%' border='1' class='invocation-passed'>
<tr><td colspan='4' align='center'><b>PASSED TESTS</b></td></tr>
<tr><td><b>Test method</b></td>
<td width="30%"><b>Exception</b></td>
<td width="10%"><b>Time (seconds)</b></td>
<td><b>Instance</b></td>
</tr>
<tr>
<td title='pe.com.test.seleniumwd.CategoriaWebDriverTest.insertarCategoria()'><b>insertarCategoria</b><br>Test class: pe.com.test.seleniumwd.CategoriaWebDriverTest<br>Parameters: admin, clave, Menestras, Se guardó de manera correcta la Categoría</td>
<td></td>
<td>15</td>
<td>pe.com.test.seleniumwd.CategoriaWebDriverTest@1550481</td></tr>
<tr>
<td title='pe.com.test.seleniumwd.CategoriaWebDriverTest.insertarCategoria()'><b>insertarCategoria</b><br>Test class: pe.com.test.seleniumwd.CategoriaWebDriverTest<br>Parameters: admin, clave, , Nombre: Error de validación: se necesita un valor.</td>
<td></td>
<td>15</td>
<td>pe.com.test.seleniumwd.CategoriaWebDriverTest@1550481</td></tr>
<tr>
<td title='pe.com.test.seleniumwd.CategoriaWebDriverTest.insertarCategoria()'><b>insertarCategoria</b><br>Test class: pe.com.test.seleniumwd.CategoriaWebDriverTest<br>Parameters: admin, clave, Articulos de Limpieza, Se guardó de manera correcta la Categoría</td>
<td></td>
<td>15</td>
<td>pe.com.test.seleniumwd.CategoriaWebDriverTest@1550481</td></tr>
<tr>
<td title='pe.com.test.seleniumwd.CategoriaWebDriverTest.insertarCategoria()'><b>insertarCategoria</b><br>Test class: pe.com.test.seleniumwd.CategoriaWebDriverTest<br>Parameters: admin, clave, Caramelos, Se guardó de manera correcta la Categoría</td>
<td></td>
<td>16</td>
<td>pe.com.test.seleniumwd.CategoriaWebDriverTest@1550481</td></tr>
<tr>
<td title='pe.com.test.seleniumwd.CategoriaWebDriverTest.insertarCategoria()'><b>insertarCategoria</b><br>Test class: pe.com.test.seleniumwd.CategoriaWebDriverTest<br>Parameters: admin, clave, Gaseosas, Se guardó de manera correcta la Categoría</td>
<td></td>
<td>15</td>
<td>pe.com.test.seleniumwd.CategoriaWebDriverTest@1550481</td></tr>
</table><p>
</body>
</html>