<?xml version="1.0" encoding="UTF-8"?>
<testng-results skipped="0" failed="1" total="6" passed="5">
  <reporter-output>
  </reporter-output>
  <suite name="VisorTestSuite" duration-ms="110813" started-at="2018-10-28T13:48:51Z" finished-at="2018-10-28T13:50:42Z">
    <groups>
    </groups>
    <test name="CategoriaWebDriverTest" duration-ms="110813" started-at="2018-10-28T13:48:51Z" finished-at="2018-10-28T13:50:42Z">
      <class name="pe.com.test.seleniumwd.CategoriaWebDriverTest">
        <test-method status="PASS" signature="inicioClase(java.lang.String, int)[pri:0, instance:pe.com.test.seleniumwd.CategoriaWebDriverTest@1550481]" name="inicioClase" is-config="true" duration-ms="12604" started-at="2018-10-28T08:48:51Z" finished-at="2018-10-28T08:49:04Z">
          <params>
            <param index="0">
              <value>
                <![CDATA[firefox]]>
              </value>
            </param>
            <param index="1">
              <value>
                <![CDATA[0]]>
              </value>
            </param>
          </params>
          <reporter-output>
          </reporter-output>
        </test-method> <!-- inicioClase -->
        <test-method status="FAIL" signature="insertarCategoria(java.lang.String, java.lang.String, java.lang.String, java.lang.String)[pri:0, instance:pe.com.test.seleniumwd.CategoriaWebDriverTest@1550481]" name="insertarCategoria" duration-ms="18144" started-at="2018-10-28T08:49:05Z" data-provider="datosEntrada" finished-at="2018-10-28T08:49:23Z">
          <params>
            <param index="0">
              <value>
                <![CDATA[admin]]>
              </value>
            </param>
            <param index="1">
              <value>
                <![CDATA[clave]]>
              </value>
            </param>
            <param index="2">
              <value>
                <![CDATA[Lacteos]]>
              </value>
            </param>
            <param index="3">
              <value>
                <![CDATA[Mensaje incorrecto]]>
              </value>
            </param>
          </params>
          <exception class="java.lang.AssertionError">
            <message>
              <![CDATA[null]]>
            </message>
            <full-stacktrace>
              <![CDATA[java.lang.AssertionError: null
	at org.testng.Assert.fail(Assert.java:94)
	at org.testng.Assert.fail(Assert.java:101)
	at pe.com.test.seleniumwd.CategoriaWebDriverTest.insertarCategoria(CategoriaWebDriverTest.java:65)
	at sun.reflect.NativeMethodAccessorImpl.invoke0(Native Method)
	at sun.reflect.NativeMethodAccessorImpl.invoke(NativeMethodAccessorImpl.java:62)
	at sun.reflect.DelegatingMethodAccessorImpl.invoke(DelegatingMethodAccessorImpl.java:43)
	at java.lang.reflect.Method.invoke(Method.java:498)
	at org.testng.internal.MethodInvocationHelper.invokeMethod(MethodInvocationHelper.java:86)
	at org.testng.internal.Invoker.invokeMethod(Invoker.java:643)
	at org.testng.internal.Invoker.invokeTestMethod(Invoker.java:820)
	at org.testng.internal.Invoker.invokeTestMethods(Invoker.java:1128)
	at org.testng.internal.TestMethodWorker.invokeTestMethods(TestMethodWorker.java:129)
	at org.testng.internal.TestMethodWorker.run(TestMethodWorker.java:112)
	at org.testng.TestRunner.privateRun(TestRunner.java:782)
	at org.testng.TestRunner.run(TestRunner.java:632)
	at org.testng.SuiteRunner.runTest(SuiteRunner.java:366)
	at org.testng.SuiteRunner.runSequentially(SuiteRunner.java:361)
	at org.testng.SuiteRunner.privateRun(SuiteRunner.java:319)
	at org.testng.SuiteRunner.run(SuiteRunner.java:268)
	at org.testng.SuiteRunnerWorker.runSuite(SuiteRunnerWorker.java:52)
	at org.testng.SuiteRunnerWorker.run(SuiteRunnerWorker.java:86)
	at org.testng.TestNG.runSuitesSequentially(TestNG.java:1244)
	at org.testng.TestNG.runSuitesLocally(TestNG.java:1169)
	at org.testng.TestNG.run(TestNG.java:1064)
	at org.apache.maven.surefire.testng.TestNGExecutor.run(TestNGExecutor.java:281)
	at org.apache.maven.surefire.testng.TestNGXmlTestSuite.execute(TestNGXmlTestSuite.java:75)
	at org.apache.maven.surefire.testng.TestNGProvider.invoke(TestNGProvider.java:121)
	at org.apache.maven.surefire.booter.ForkedBooter.invokeProviderInSameClassLoader(ForkedBooter.java:290)
	at org.apache.maven.surefire.booter.ForkedBooter.runSuitesInProcess(ForkedBooter.java:242)
	at org.apache.maven.surefire.booter.ForkedBooter.main(ForkedBooter.java:121)
]]>
            </full-stacktrace>
          </exception> <!-- java.lang.AssertionError -->
          <reporter-output>
          </reporter-output>
        </test-method> <!-- insertarCategoria -->
        <test-method status="PASS" signature="insertarCategoria(java.lang.String, java.lang.String, java.lang.String, java.lang.String)[pri:0, instance:pe.com.test.seleniumwd.CategoriaWebDriverTest@1550481]" name="insertarCategoria" duration-ms="15101" started-at="2018-10-28T08:49:23Z" data-provider="datosEntrada" finished-at="2018-10-28T08:49:38Z">
          <params>
            <param index="0">
              <value>
                <![CDATA[admin]]>
              </value>
            </param>
            <param index="1">
              <value>
                <![CDATA[clave]]>
              </value>
            </param>
            <param index="2">
              <value>
                <![CDATA[Menestras]]>
              </value>
            </param>
            <param index="3">
              <value>
                <![CDATA[Se guardó de manera correcta la Categoría]]>
              </value>
            </param>
          </params>
          <reporter-output>
          </reporter-output>
        </test-method> <!-- insertarCategoria -->
        <test-method status="PASS" signature="insertarCategoria(java.lang.String, java.lang.String, java.lang.String, java.lang.String)[pri:0, instance:pe.com.test.seleniumwd.CategoriaWebDriverTest@1550481]" name="insertarCategoria" duration-ms="15054" started-at="2018-10-28T08:49:38Z" data-provider="datosEntrada" finished-at="2018-10-28T08:49:53Z">
          <params>
            <param index="0">
              <value>
                <![CDATA[admin]]>
              </value>
            </param>
            <param index="1">
              <value>
                <![CDATA[clave]]>
              </value>
            </param>
            <param index="2">
              <value>
                <![CDATA[]]>
              </value>
            </param>
            <param index="3">
              <value>
                <![CDATA[Nombre: Error de validación: se necesita un valor.]]>
              </value>
            </param>
          </params>
          <reporter-output>
          </reporter-output>
        </test-method> <!-- insertarCategoria -->
        <test-method status="PASS" signature="insertarCategoria(java.lang.String, java.lang.String, java.lang.String, java.lang.String)[pri:0, instance:pe.com.test.seleniumwd.CategoriaWebDriverTest@1550481]" name="insertarCategoria" duration-ms="15693" started-at="2018-10-28T08:49:53Z" data-provider="datosEntrada" finished-at="2018-10-28T08:50:09Z">
          <params>
            <param index="0">
              <value>
                <![CDATA[admin]]>
              </value>
            </param>
            <param index="1">
              <value>
                <![CDATA[clave]]>
              </value>
            </param>
            <param index="2">
              <value>
                <![CDATA[Articulos de Limpieza]]>
              </value>
            </param>
            <param index="3">
              <value>
                <![CDATA[Se guardó de manera correcta la Categoría]]>
              </value>
            </param>
          </params>
          <reporter-output>
          </reporter-output>
        </test-method> <!-- insertarCategoria -->
        <test-method status="PASS" signature="insertarCategoria(java.lang.String, java.lang.String, java.lang.String, java.lang.String)[pri:0, instance:pe.com.test.seleniumwd.CategoriaWebDriverTest@1550481]" name="insertarCategoria" duration-ms="16396" started-at="2018-10-28T08:50:09Z" data-provider="datosEntrada" finished-at="2018-10-28T08:50:25Z">
          <params>
            <param index="0">
              <value>
                <![CDATA[admin]]>
              </value>
            </param>
            <param index="1">
              <value>
                <![CDATA[clave]]>
              </value>
            </param>
            <param index="2">
              <value>
                <![CDATA[Caramelos]]>
              </value>
            </param>
            <param index="3">
              <value>
                <![CDATA[Se guardó de manera correcta la Categoría]]>
              </value>
            </param>
          </params>
          <reporter-output>
          </reporter-output>
        </test-method> <!-- insertarCategoria -->
        <test-method status="PASS" signature="insertarCategoria(java.lang.String, java.lang.String, java.lang.String, java.lang.String)[pri:0, instance:pe.com.test.seleniumwd.CategoriaWebDriverTest@1550481]" name="insertarCategoria" duration-ms="15319" started-at="2018-10-28T08:50:25Z" data-provider="datosEntrada" finished-at="2018-10-28T08:50:41Z">
          <params>
            <param index="0">
              <value>
                <![CDATA[admin]]>
              </value>
            </param>
            <param index="1">
              <value>
                <![CDATA[clave]]>
              </value>
            </param>
            <param index="2">
              <value>
                <![CDATA[Gaseosas]]>
              </value>
            </param>
            <param index="3">
              <value>
                <![CDATA[Se guardó de manera correcta la Categoría]]>
              </value>
            </param>
          </params>
          <reporter-output>
          </reporter-output>
        </test-method> <!-- insertarCategoria -->
        <test-method status="PASS" signature="tearDown()[pri:0, instance:pe.com.test.seleniumwd.CategoriaWebDriverTest@1550481]" name="tearDown" is-config="true" duration-ms="1248" started-at="2018-10-28T08:50:41Z" finished-at="2018-10-28T08:50:42Z">
          <reporter-output>
          </reporter-output>
        </test-method> <!-- tearDown -->
      </class> <!-- pe.com.test.seleniumwd.CategoriaWebDriverTest -->
    </test> <!-- CategoriaWebDriverTest -->
  </suite> <!-- VisorTestSuite -->
</testng-results>
