-------------------------------------------------------------------------------
Test set: TestSuite
-------------------------------------------------------------------------------
Tests run: 6, Failures: 1, Errors: 0, Skipped: 0, Time elapsed: 112.093 sec <<< FAILURE! - in TestSuite
insertarCategoria(pe.com.test.seleniumwd.CategoriaWebDriverTest)  Time elapsed: 18.188 sec  <<< FAILURE!
java.lang.AssertionError: null
	at pe.com.test.seleniumwd.CategoriaWebDriverTest.insertarCategoria(CategoriaWebDriverTest.java:65)

