<?xml version="1.0" encoding="UTF-8"?>
<!-- Generated by org.testng.reporters.JUnitXMLReporter -->
<testsuite hostname="masterqa" name="CategoriaWebDriverTest" tests="24" failures="17" timestamp="14 Dec 2018 03:30:08 GMT" time="1165072.409" errors="0">
  <testcase name="actualizarCategoria" time="22.1" classname="pe.com.test.seleniumwd.CategoriaWebDriverTest">
    <failure type="java.lang.AssertionError" message="null">
      <![CDATA[java.lang.AssertionError: null
	at pe.com.test.seleniumwd.CategoriaWebDriverTest.actualizarCategoria(CategoriaWebDriverTest.java:86)
... Removed 26 stack frames]]>
    </failure>
  </testcase> <!-- actualizarCategoria -->
  <testcase name="actualizarCategoria" time="19.313" classname="pe.com.test.seleniumwd.CategoriaWebDriverTest">
    <failure type="java.lang.AssertionError" message="null">
      <![CDATA[java.lang.AssertionError: null
	at pe.com.test.seleniumwd.CategoriaWebDriverTest.actualizarCategoria(CategoriaWebDriverTest.java:86)
... Removed 26 stack frames]]>
    </failure>
  </testcase> <!-- actualizarCategoria -->
  <testcase name="actualizarCategoria" time="19.594" classname="pe.com.test.seleniumwd.CategoriaWebDriverTest"/>
  <testcase name="actualizarCategoria" time="21.437" classname="pe.com.test.seleniumwd.CategoriaWebDriverTest">
    <failure type="java.lang.AssertionError" message="null">
      <![CDATA[java.lang.AssertionError: null
	at pe.com.test.seleniumwd.CategoriaWebDriverTest.actualizarCategoria(CategoriaWebDriverTest.java:86)
... Removed 26 stack frames]]>
    </failure>
  </testcase> <!-- actualizarCategoria -->
  <testcase name="actualizarCategoria" time="22.48" classname="pe.com.test.seleniumwd.CategoriaWebDriverTest">
    <failure type="java.lang.AssertionError" message="null">
      <![CDATA[java.lang.AssertionError: null
	at pe.com.test.seleniumwd.CategoriaWebDriverTest.actualizarCategoria(CategoriaWebDriverTest.java:86)
... Removed 26 stack frames]]>
    </failure>
  </testcase> <!-- actualizarCategoria -->
  <testcase name="actualizarCategoria" time="24.478" classname="pe.com.test.seleniumwd.CategoriaWebDriverTest">
    <failure type="java.lang.AssertionError" message="null">
      <![CDATA[java.lang.AssertionError: null
	at pe.com.test.seleniumwd.CategoriaWebDriverTest.actualizarCategoria(CategoriaWebDriverTest.java:86)
... Removed 26 stack frames]]>
    </failure>
  </testcase> <!-- actualizarCategoria -->
  <testcase name="actualizarCategoria_FlujoAlternativo" time="22.152" classname="pe.com.test.seleniumwd.CategoriaWebDriverTest">
    <failure type="java.lang.AssertionError" message="null">
      <![CDATA[java.lang.AssertionError: null
	at pe.com.test.seleniumwd.CategoriaWebDriverTest.actualizarCategoria_FlujoAlternativo(CategoriaWebDriverTest.java:104)
... Removed 26 stack frames]]>
    </failure>
  </testcase> <!-- actualizarCategoria_FlujoAlternativo -->
  <testcase name="actualizarCategoria_FlujoAlternativo" time="21.029" classname="pe.com.test.seleniumwd.CategoriaWebDriverTest">
    <failure type="java.lang.AssertionError" message="null">
      <![CDATA[java.lang.AssertionError: null
	at pe.com.test.seleniumwd.CategoriaWebDriverTest.actualizarCategoria_FlujoAlternativo(CategoriaWebDriverTest.java:104)
... Removed 26 stack frames]]>
    </failure>
  </testcase> <!-- actualizarCategoria_FlujoAlternativo -->
  <testcase name="actualizarCategoria_FlujoAlternativo" time="19.796" classname="pe.com.test.seleniumwd.CategoriaWebDriverTest"/>
  <testcase name="actualizarCategoria_FlujoAlternativo" time="22.511" classname="pe.com.test.seleniumwd.CategoriaWebDriverTest">
    <failure type="java.lang.AssertionError" message="null">
      <![CDATA[java.lang.AssertionError: null
	at pe.com.test.seleniumwd.CategoriaWebDriverTest.actualizarCategoria_FlujoAlternativo(CategoriaWebDriverTest.java:104)
... Removed 26 stack frames]]>
    </failure>
  </testcase> <!-- actualizarCategoria_FlujoAlternativo -->
  <testcase name="actualizarCategoria_FlujoAlternativo" time="22.855" classname="pe.com.test.seleniumwd.CategoriaWebDriverTest">
    <failure type="java.lang.AssertionError" message="null">
      <![CDATA[java.lang.AssertionError: null
	at pe.com.test.seleniumwd.CategoriaWebDriverTest.actualizarCategoria_FlujoAlternativo(CategoriaWebDriverTest.java:104)
... Removed 26 stack frames]]>
    </failure>
  </testcase> <!-- actualizarCategoria_FlujoAlternativo -->
  <testcase name="actualizarCategoria_FlujoAlternativo" time="23.057" classname="pe.com.test.seleniumwd.CategoriaWebDriverTest">
    <failure type="java.lang.AssertionError" message="null">
      <![CDATA[java.lang.AssertionError: null
	at pe.com.test.seleniumwd.CategoriaWebDriverTest.actualizarCategoria_FlujoAlternativo(CategoriaWebDriverTest.java:104)
... Removed 26 stack frames]]>
    </failure>
  </testcase> <!-- actualizarCategoria_FlujoAlternativo -->
  <testcase name="actualizarCategoria_FlujoAlternativo2" time="22.136" classname="pe.com.test.seleniumwd.CategoriaWebDriverTest">
    <failure type="java.lang.AssertionError" message="null">
      <![CDATA[java.lang.AssertionError: null
	at pe.com.test.seleniumwd.CategoriaWebDriverTest.actualizarCategoria_FlujoAlternativo2(CategoriaWebDriverTest.java:123)
... Removed 26 stack frames]]>
    </failure>
  </testcase> <!-- actualizarCategoria_FlujoAlternativo2 -->
  <testcase name="actualizarCategoria_FlujoAlternativo2" time="23.665" classname="pe.com.test.seleniumwd.CategoriaWebDriverTest">
    <failure type="java.lang.AssertionError" message="null">
      <![CDATA[java.lang.AssertionError: null
	at pe.com.test.seleniumwd.CategoriaWebDriverTest.actualizarCategoria_FlujoAlternativo2(CategoriaWebDriverTest.java:123)
... Removed 26 stack frames]]>
    </failure>
  </testcase> <!-- actualizarCategoria_FlujoAlternativo2 -->
  <testcase name="actualizarCategoria_FlujoAlternativo2" time="23.12" classname="pe.com.test.seleniumwd.CategoriaWebDriverTest"/>
  <testcase name="actualizarCategoria_FlujoAlternativo2" time="21.216" classname="pe.com.test.seleniumwd.CategoriaWebDriverTest">
    <failure type="java.lang.AssertionError" message="null">
      <![CDATA[java.lang.AssertionError: null
	at pe.com.test.seleniumwd.CategoriaWebDriverTest.actualizarCategoria_FlujoAlternativo2(CategoriaWebDriverTest.java:123)
... Removed 26 stack frames]]>
    </failure>
  </testcase> <!-- actualizarCategoria_FlujoAlternativo2 -->
  <testcase name="actualizarCategoria_FlujoAlternativo2" time="20.936" classname="pe.com.test.seleniumwd.CategoriaWebDriverTest">
    <failure type="java.lang.AssertionError" message="null">
      <![CDATA[java.lang.AssertionError: null
	at pe.com.test.seleniumwd.CategoriaWebDriverTest.actualizarCategoria_FlujoAlternativo2(CategoriaWebDriverTest.java:123)
... Removed 26 stack frames]]>
    </failure>
  </testcase> <!-- actualizarCategoria_FlujoAlternativo2 -->
  <testcase name="actualizarCategoria_FlujoAlternativo2" time="19.203" classname="pe.com.test.seleniumwd.CategoriaWebDriverTest">
    <failure type="java.lang.AssertionError" message="null">
      <![CDATA[java.lang.AssertionError: null
	at pe.com.test.seleniumwd.CategoriaWebDriverTest.actualizarCategoria_FlujoAlternativo2(CategoriaWebDriverTest.java:123)
... Removed 26 stack frames]]>
    </failure>
  </testcase> <!-- actualizarCategoria_FlujoAlternativo2 -->
  <testcase name="insertarCategoria" time="17.597" classname="pe.com.test.seleniumwd.CategoriaWebDriverTest">
    <failure type="java.lang.AssertionError" message="null">
      <![CDATA[java.lang.AssertionError: null
	at pe.com.test.seleniumwd.CategoriaWebDriverTest.insertarCategoria(CategoriaWebDriverTest.java:66)
... Removed 26 stack frames]]>
    </failure>
  </testcase> <!-- insertarCategoria -->
  <testcase name="insertarCategoria" time="15.663" classname="pe.com.test.seleniumwd.CategoriaWebDriverTest"/>
  <testcase name="insertarCategoria" time="1164543.459" classname="pe.com.test.seleniumwd.CategoriaWebDriverTest">
    <failure type="java.lang.AssertionError" message="null">
      <![CDATA[java.lang.AssertionError: null
	at pe.com.test.seleniumwd.CategoriaWebDriverTest.insertarCategoria(CategoriaWebDriverTest.java:66)
... Removed 26 stack frames]]>
    </failure>
  </testcase> <!-- insertarCategoria -->
  <testcase name="insertarCategoria" time="33.289" classname="pe.com.test.seleniumwd.CategoriaWebDriverTest"/>
  <testcase name="insertarCategoria" time="29.953" classname="pe.com.test.seleniumwd.CategoriaWebDriverTest"/>
  <testcase name="insertarCategoria" time="24.664" classname="pe.com.test.seleniumwd.CategoriaWebDriverTest"/>
</testsuite> <!-- CategoriaWebDriverTest -->
